{"/Users/pc/Documents/Proyectos REACT (2025)/project_zelda_btw/project-zelda-btw/src/components/index.ts": {"path":"/Users/pc/Documents/Proyectos REACT (2025)/project_zelda_btw/project-zelda-btw/src/components/index.ts","statementMap":{},"fnMap":{},"branchMap":{},"s":{},"f":{},"b":{},"_coverageSchema":"1a1c01bbd47fc00a2c39e90264f33305004495a9","hash":"c987d4aa2c7fe618183ddb758ee772e436673057"}
,"/Users/pc/Documents/Proyectos REACT (2025)/project_zelda_btw/project-zelda-btw/src/components/atoms/index.ts": {"path":"/Users/pc/Documents/Proyectos REACT (2025)/project_zelda_btw/project-zelda-btw/src/components/atoms/index.ts","statementMap":{},"fnMap":{},"branchMap":{},"s":{},"f":{},"b":{},"_coverageSchema":"1a1c01bbd47fc00a2c39e90264f33305004495a9","hash":"370c47db7621cf01de6f03a4b0e67953d68183ec"}
,"/Users/pc/Documents/Proyectos REACT (2025)/project_zelda_btw/project-zelda-btw/src/components/atoms/Button/BasicButton.tsx": {"path":"/Users/pc/Documents/Proyectos REACT (2025)/project_zelda_btw/project-zelda-btw/src/components/atoms/Button/BasicButton.tsx","statementMap":{"0":{"start":{"line":31,"column":27},"end":{"line":49,"column":1}},"1":{"start":{"line":39,"column":2},"end":{"line":48,"column":4}}},"fnMap":{"0":{"name":"(anonymous_0)","decl":{"start":{"line":31,"column":27},"end":{"line":31,"column":28}},"loc":{"start":{"line":38,"column":24},"end":{"line":49,"column":1}},"line":38}},"branchMap":{"0":{"loc":{"start":{"line":33,"column":2},"end":{"line":33,"column":25}},"type":"default-arg","locations":[{"start":{"line":33,"column":15},"end":{"line":33,"column":25}}],"line":33},"1":{"loc":{"start":{"line":45,"column":7},"end":{"line":45,"column":77}},"type":"binary-expr","locations":[{"start":{"line":45,"column":7},"end":{"line":45,"column":16}},{"start":{"line":45,"column":20},"end":{"line":45,"column":77}}],"line":45},"2":{"loc":{"start":{"line":46,"column":7},"end":{"line":46,"column":30}},"type":"binary-expr","locations":[{"start":{"line":46,"column":7},"end":{"line":46,"column":12}},{"start":{"line":46,"column":16},"end":{"line":46,"column":30}}],"line":46}},"s":{"0":2,"1":4},"f":{"0":4},"b":{"0":[4],"1":[4,2],"2":[4,4]},"_coverageSchema":"1a1c01bbd47fc00a2c39e90264f33305004495a9","hash":"4342839b625ce4be171bb004e051f161bfaa045c"}
,"/Users/pc/Documents/Proyectos REACT (2025)/project_zelda_btw/project-zelda-btw/src/components/atoms/Button/ButtonGroup.tsx": {"path":"/Users/pc/Documents/Proyectos REACT (2025)/project_zelda_btw/project-zelda-btw/src/components/atoms/Button/ButtonGroup.tsx","statementMap":{"0":{"start":{"line":17,"column":55},"end":{"line":60,"column":1}},"1":{"start":{"line":23,"column":25},"end":{"line":25,"column":3}},"2":{"start":{"line":24,"column":4},"end":{"line":24,"column":25}},"3":{"start":{"line":26,"column":19},"end":{"line":26,"column":65}},"4":{"start":{"line":27,"column":2},"end":{"line":59,"column":4}},"5":{"start":{"line":33,"column":8},"end":{"line":56,"column":17}},"6":{"start":{"line":47,"column":25},"end":{"line":47,"column":47}}},"fnMap":{"0":{"name":"(anonymous_0)","decl":{"start":{"line":17,"column":55},"end":{"line":17,"column":56}},"loc":{"start":{"line":22,"column":6},"end":{"line":60,"column":1}},"line":22},"1":{"name":"(anonymous_1)","decl":{"start":{"line":23,"column":25},"end":{"line":23,"column":26}},"loc":{"start":{"line":23,"column":31},"end":{"line":25,"column":3}},"line":23},"2":{"name":"(anonymous_2)","decl":{"start":{"line":32,"column":19},"end":{"line":32,"column":20}},"loc":{"start":{"line":33,"column":8},"end":{"line":56,"column":17}},"line":33},"3":{"name":"(anonymous_3)","decl":{"start":{"line":47,"column":19},"end":{"line":47,"column":20}},"loc":{"start":{"line":47,"column":25},"end":{"line":47,"column":47}},"line":47}},"branchMap":{"0":{"loc":{"start":{"line":21,"column":2},"end":{"line":21,"column":15}},"type":"default-arg","locations":[{"start":{"line":21,"column":9},"end":{"line":21,"column":15}}],"line":21},"1":{"loc":{"start":{"line":39,"column":12},"end":{"line":41,"column":58}},"type":"cond-expr","locations":[{"start":{"line":40,"column":16},"end":{"line":40,"column":49}},{"start":{"line":41,"column":16},"end":{"line":41,"column":58}}],"line":39},"2":{"loc":{"start":{"line":42,"column":12},"end":{"line":42,"column":45}},"type":"cond-expr","locations":[{"start":{"line":42,"column":26},"end":{"line":42,"column":40}},{"start":{"line":42,"column":43},"end":{"line":42,"column":45}}],"line":42},"3":{"loc":{"start":{"line":43,"column":12},"end":{"line":43,"column":62}},"type":"cond-expr","locations":[{"start":{"line":43,"column":43},"end":{"line":43,"column":57}},{"start":{"line":43,"column":60},"end":{"line":43,"column":62}}],"line":43},"4":{"loc":{"start":{"line":44,"column":12},"end":{"line":44,"column":37}},"type":"binary-expr","locations":[{"start":{"line":44,"column":12},"end":{"line":44,"column":21}},{"start":{"line":44,"column":25},"end":{"line":44,"column":37}}],"line":44},"5":{"loc":{"start":{"line":45,"column":12},"end":{"line":45,"column":36}},"type":"binary-expr","locations":[{"start":{"line":45,"column":12},"end":{"line":45,"column":20}},{"start":{"line":45,"column":24},"end":{"line":45,"column":36}}],"line":45},"6":{"loc":{"start":{"line":50,"column":11},"end":{"line":55,"column":11}},"type":"binary-expr","locations":[{"start":{"line":50,"column":11},"end":{"line":50,"column":24}},{"start":{"line":51,"column":12},"end":{"line":54,"column":19}}],"line":50}},"s":{"0":1,"1":0,"2":0,"3":0,"4":0,"5":0,"6":0},"f":{"0":0,"1":0,"2":0,"3":0},"b":{"0":[0],"1":[0,0],"2":[0,0],"3":[0,0],"4":[0,0],"5":[0,0],"6":[0,0]},"_coverageSchema":"1a1c01bbd47fc00a2c39e90264f33305004495a9","hash":"029e32842085d3be7fd195c1250e1dc2fa5bcefe"}
,"/Users/pc/Documents/Proyectos REACT (2025)/project_zelda_btw/project-zelda-btw/src/components/atoms/Button/Pagination.tsx": {"path":"/Users/pc/Documents/Proyectos REACT (2025)/project_zelda_btw/project-zelda-btw/src/components/atoms/Button/Pagination.tsx","statementMap":{"0":{"start":{"line":14,"column":53},"end":{"line":69,"column":1}},"1":{"start":{"line":21,"column":2},"end":{"line":68,"column":4}},"2":{"start":{"line":39,"column":8},"end":{"line":50,"column":17}},"3":{"start":{"line":41,"column":25},"end":{"line":41,"column":42}}},"fnMap":{"0":{"name":"(anonymous_0)","decl":{"start":{"line":14,"column":53},"end":{"line":14,"column":54}},"loc":{"start":{"line":20,"column":6},"end":{"line":69,"column":1}},"line":20},"1":{"name":"(anonymous_1)","decl":{"start":{"line":38,"column":31},"end":{"line":38,"column":32}},"loc":{"start":{"line":39,"column":8},"end":{"line":50,"column":17}},"line":39},"2":{"name":"(anonymous_2)","decl":{"start":{"line":41,"column":19},"end":{"line":41,"column":20}},"loc":{"start":{"line":41,"column":25},"end":{"line":41,"column":42}},"line":41}},"branchMap":{"0":{"loc":{"start":{"line":27,"column":10},"end":{"line":29,"column":63}},"type":"cond-expr","locations":[{"start":{"line":28,"column":14},"end":{"line":28,"column":63}},{"start":{"line":29,"column":14},"end":{"line":29,"column":63}}],"line":27},"1":{"loc":{"start":{"line":34,"column":38},"end":{"line":34,"column":75}},"type":"cond-expr","locations":[{"start":{"line":34,"column":58},"end":{"line":34,"column":65}},{"start":{"line":34,"column":68},"end":{"line":34,"column":75}}],"line":34},"2":{"loc":{"start":{"line":44,"column":12},"end":{"line":46,"column":37}},"type":"cond-expr","locations":[{"start":{"line":45,"column":16},"end":{"line":45,"column":45}},{"start":{"line":46,"column":16},"end":{"line":46,"column":37}}],"line":44},"3":{"loc":{"start":{"line":56,"column":10},"end":{"line":58,"column":62}},"type":"cond-expr","locations":[{"start":{"line":57,"column":14},"end":{"line":57,"column":63}},{"start":{"line":58,"column":14},"end":{"line":58,"column":62}}],"line":56},"4":{"loc":{"start":{"line":63,"column":38},"end":{"line":63,"column":81}},"type":"cond-expr","locations":[{"start":{"line":63,"column":64},"end":{"line":63,"column":71}},{"start":{"line":63,"column":74},"end":{"line":63,"column":81}}],"line":63}},"s":{"0":1,"1":0,"2":0,"3":0},"f":{"0":0,"1":0,"2":0},"b":{"0":[0,0],"1":[0,0],"2":[0,0],"3":[0,0],"4":[0,0]},"_coverageSchema":"1a1c01bbd47fc00a2c39e90264f33305004495a9","hash":"dbd983c459e9925ddb6dd27cee27740d2632a553"}
,"/Users/pc/Documents/Proyectos REACT (2025)/project_zelda_btw/project-zelda-btw/src/components/atoms/Button/index.ts": {"path":"/Users/pc/Documents/Proyectos REACT (2025)/project_zelda_btw/project-zelda-btw/src/components/atoms/Button/index.ts","statementMap":{},"fnMap":{},"branchMap":{},"s":{},"f":{},"b":{},"_coverageSchema":"1a1c01bbd47fc00a2c39e90264f33305004495a9","hash":"123ef9d443f9f7895119837673e06a0a22e91ae9"}
,"/Users/pc/Documents/Proyectos REACT (2025)/project_zelda_btw/project-zelda-btw/src/components/atoms/Image/BordeLogo.tsx": {"path":"/Users/pc/Documents/Proyectos REACT (2025)/project_zelda_btw/project-zelda-btw/src/components/atoms/Image/BordeLogo.tsx","statementMap":{"0":{"start":{"line":13,"column":25},"end":{"line":36,"column":1}},"1":{"start":{"line":14,"column":2},"end":{"line":35,"column":4}}},"fnMap":{"0":{"name":"(anonymous_0)","decl":{"start":{"line":13,"column":25},"end":{"line":13,"column":26}},"loc":{"start":{"line":13,"column":68},"end":{"line":36,"column":1}},"line":13}},"branchMap":{"0":{"loc":{"start":{"line":13,"column":36},"end":{"line":13,"column":45}},"type":"default-arg","locations":[{"start":{"line":13,"column":43},"end":{"line":13,"column":45}}],"line":13}},"s":{"0":1,"1":0},"f":{"0":0},"b":{"0":[0]},"_coverageSchema":"1a1c01bbd47fc00a2c39e90264f33305004495a9","hash":"1243e5b9f14c9e3001288c89e82138e55e7538cf"}
,"/Users/pc/Documents/Proyectos REACT (2025)/project_zelda_btw/project-zelda-btw/src/components/atoms/Image/MainBackground.tsx": {"path":"/Users/pc/Documents/Proyectos REACT (2025)/project_zelda_btw/project-zelda-btw/src/components/atoms/Image/MainBackground.tsx","statementMap":{"0":{"start":{"line":21,"column":30},"end":{"line":78,"column":1}},"1":{"start":{"line":27,"column":24},"end":{"line":38,"column":3}},"2":{"start":{"line":28,"column":4},"end":{"line":37,"column":5}},"3":{"start":{"line":30,"column":8},"end":{"line":30,"column":21}},"4":{"start":{"line":32,"column":8},"end":{"line":32,"column":21}},"5":{"start":{"line":34,"column":8},"end":{"line":34,"column":21}},"6":{"start":{"line":36,"column":8},"end":{"line":36,"column":22}},"7":{"start":{"line":39,"column":19},"end":{"line":48,"column":3}},"8":{"start":{"line":40,"column":4},"end":{"line":47,"column":5}},"9":{"start":{"line":42,"column":8},"end":{"line":42,"column":47}},"10":{"start":{"line":44,"column":8},"end":{"line":44,"column":48}},"11":{"start":{"line":46,"column":8},"end":{"line":46,"column":48}},"12":{"start":{"line":50,"column":2},"end":{"line":77,"column":4}}},"fnMap":{"0":{"name":"(anonymous_0)","decl":{"start":{"line":21,"column":30},"end":{"line":21,"column":31}},"loc":{"start":{"line":26,"column":27},"end":{"line":78,"column":1}},"line":26},"1":{"name":"(anonymous_1)","decl":{"start":{"line":27,"column":24},"end":{"line":27,"column":25}},"loc":{"start":{"line":27,"column":42},"end":{"line":38,"column":3}},"line":27},"2":{"name":"(anonymous_2)","decl":{"start":{"line":39,"column":19},"end":{"line":39,"column":20}},"loc":{"start":{"line":39,"column":38},"end":{"line":48,"column":3}},"line":39}},"branchMap":{"0":{"loc":{"start":{"line":22,"column":2},"end":{"line":22,"column":20}},"type":"default-arg","locations":[{"start":{"line":22,"column":10},"end":{"line":22,"column":20}}],"line":22},"1":{"loc":{"start":{"line":24,"column":2},"end":{"line":24,"column":21}},"type":"default-arg","locations":[{"start":{"line":24,"column":15},"end":{"line":24,"column":21}}],"line":24},"2":{"loc":{"start":{"line":25,"column":2},"end":{"line":25,"column":19}},"type":"default-arg","locations":[{"start":{"line":25,"column":10},"end":{"line":25,"column":19}}],"line":25},"3":{"loc":{"start":{"line":28,"column":4},"end":{"line":37,"column":5}},"type":"switch","locations":[{"start":{"line":29,"column":6},"end":{"line":30,"column":21}},{"start":{"line":31,"column":6},"end":{"line":32,"column":21}},{"start":{"line":33,"column":6},"end":{"line":34,"column":21}},{"start":{"line":35,"column":6},"end":{"line":36,"column":22}}],"line":28},"4":{"loc":{"start":{"line":40,"column":4},"end":{"line":47,"column":5}},"type":"switch","locations":[{"start":{"line":41,"column":6},"end":{"line":42,"column":47}},{"start":{"line":43,"column":6},"end":{"line":44,"column":48}},{"start":{"line":45,"column":6},"end":{"line":46,"column":48}}],"line":40}},"s":{"0":1,"1":0,"2":0,"3":0,"4":0,"5":0,"6":0,"7":0,"8":0,"9":0,"10":0,"11":0,"12":0},"f":{"0":0,"1":0,"2":0},"b":{"0":[0],"1":[0],"2":[0],"3":[0,0,0,0],"4":[0,0,0]},"_coverageSchema":"1a1c01bbd47fc00a2c39e90264f33305004495a9","hash":"36a5d61b2940824f382e2f4cd95cdc38b17c03d0"}
,"/Users/pc/Documents/Proyectos REACT (2025)/project_zelda_btw/project-zelda-btw/src/components/atoms/Image/index.ts": {"path":"/Users/pc/Documents/Proyectos REACT (2025)/project_zelda_btw/project-zelda-btw/src/components/atoms/Image/index.ts","statementMap":{},"fnMap":{},"branchMap":{},"s":{},"f":{},"b":{},"_coverageSchema":"1a1c01bbd47fc00a2c39e90264f33305004495a9","hash":"a73e5c9cd633a2283285b45e37c86adc88a5dbef"}
,"/Users/pc/Documents/Proyectos REACT (2025)/project_zelda_btw/project-zelda-btw/src/components/atoms/Loading/Skeleton.tsx": {"path":"/Users/pc/Documents/Proyectos REACT (2025)/project_zelda_btw/project-zelda-btw/src/components/atoms/Loading/Skeleton.tsx","statementMap":{"0":{"start":{"line":6,"column":24},"end":{"line":14,"column":1}},"1":{"start":{"line":7,"column":22},"end":{"line":7,"column":51}},"2":{"start":{"line":9,"column":2},"end":{"line":11,"column":3}},"3":{"start":{"line":10,"column":4},"end":{"line":10,"column":79}},"4":{"start":{"line":13,"column":2},"end":{"line":13,"column":72}}},"fnMap":{"0":{"name":"(anonymous_0)","decl":{"start":{"line":6,"column":24},"end":{"line":6,"column":25}},"loc":{"start":{"line":6,"column":65},"end":{"line":14,"column":1}},"line":6}},"branchMap":{"0":{"loc":{"start":{"line":9,"column":2},"end":{"line":11,"column":3}},"type":"if","locations":[{"start":{"line":9,"column":2},"end":{"line":11,"column":3}},{"start":{},"end":{}}],"line":9}},"s":{"0":1,"1":2,"2":2,"3":1,"4":1},"f":{"0":2},"b":{"0":[1,1]},"_coverageSchema":"1a1c01bbd47fc00a2c39e90264f33305004495a9","hash":"ade15659d21cd44fc840463fa19b8a445a74fa71"}
,"/Users/pc/Documents/Proyectos REACT (2025)/project_zelda_btw/project-zelda-btw/src/components/atoms/Loading/index.ts": {"path":"/Users/pc/Documents/Proyectos REACT (2025)/project_zelda_btw/project-zelda-btw/src/components/atoms/Loading/index.ts","statementMap":{},"fnMap":{},"branchMap":{},"s":{},"f":{},"b":{},"_coverageSchema":"1a1c01bbd47fc00a2c39e90264f33305004495a9","hash":"33ca351a35b3f7ca37e6c15a5827d9a925cf1b3b"}
,"/Users/pc/Documents/Proyectos REACT (2025)/project_zelda_btw/project-zelda-btw/src/components/atoms/Separator/SeparatorLine.tsx": {"path":"/Users/pc/Documents/Proyectos REACT (2025)/project_zelda_btw/project-zelda-btw/src/components/atoms/Separator/SeparatorLine.tsx","statementMap":{"0":{"start":{"line":11,"column":29},"end":{"line":42,"column":1}},"1":{"start":{"line":16,"column":23},"end":{"line":25,"column":3}},"2":{"start":{"line":17,"column":4},"end":{"line":24,"column":5}},"3":{"start":{"line":19,"column":8},"end":{"line":19,"column":50}},"4":{"start":{"line":21,"column":8},"end":{"line":21,"column":49}},"5":{"start":{"line":23,"column":8},"end":{"line":23,"column":52}},"6":{"start":{"line":26,"column":2},"end":{"line":41,"column":4}}},"fnMap":{"0":{"name":"(anonymous_0)","decl":{"start":{"line":11,"column":29},"end":{"line":11,"column":30}},"loc":{"start":{"line":15,"column":26},"end":{"line":42,"column":1}},"line":15},"1":{"name":"(anonymous_1)","decl":{"start":{"line":16,"column":23},"end":{"line":16,"column":24}},"loc":{"start":{"line":16,"column":44},"end":{"line":25,"column":3}},"line":16}},"branchMap":{"0":{"loc":{"start":{"line":12,"column":2},"end":{"line":12,"column":23}},"type":"default-arg","locations":[{"start":{"line":12,"column":12},"end":{"line":12,"column":23}}],"line":12},"1":{"loc":{"start":{"line":13,"column":2},"end":{"line":13,"column":12}},"type":"default-arg","locations":[{"start":{"line":13,"column":10},"end":{"line":13,"column":12}}],"line":13},"2":{"loc":{"start":{"line":17,"column":4},"end":{"line":24,"column":5}},"type":"switch","locations":[{"start":{"line":18,"column":6},"end":{"line":19,"column":50}},{"start":{"line":20,"column":6},"end":{"line":21,"column":49}},{"start":{"line":22,"column":6},"end":{"line":23,"column":52}}],"line":17}},"s":{"0":1,"1":0,"2":0,"3":0,"4":0,"5":0,"6":0},"f":{"0":0,"1":0},"b":{"0":[0],"1":[0],"2":[0,0,0]},"_coverageSchema":"1a1c01bbd47fc00a2c39e90264f33305004495a9","hash":"3136b876fd8583e75c4a26044bdc325a3ba289dc"}
,"/Users/pc/Documents/Proyectos REACT (2025)/project_zelda_btw/project-zelda-btw/src/components/atoms/Separator/index.ts": {"path":"/Users/pc/Documents/Proyectos REACT (2025)/project_zelda_btw/project-zelda-btw/src/components/atoms/Separator/index.ts","statementMap":{},"fnMap":{},"branchMap":{},"s":{},"f":{},"b":{},"_coverageSchema":"1a1c01bbd47fc00a2c39e90264f33305004495a9","hash":"4427239da12b395dce21c04f7e04fc854375769c"}
,"/Users/pc/Documents/Proyectos REACT (2025)/project_zelda_btw/project-zelda-btw/src/components/atoms/Text/NotFound.tsx": {"path":"/Users/pc/Documents/Proyectos REACT (2025)/project_zelda_btw/project-zelda-btw/src/components/atoms/Text/NotFound.tsx","statementMap":{"0":{"start":{"line":7,"column":24},"end":{"line":25,"column":1}},"1":{"start":{"line":8,"column":2},"end":{"line":24,"column":4}}},"fnMap":{"0":{"name":"(anonymous_0)","decl":{"start":{"line":7,"column":24},"end":{"line":7,"column":25}},"loc":{"start":{"line":7,"column":77},"end":{"line":25,"column":1}},"line":7}},"branchMap":{},"s":{"0":1,"1":0},"f":{"0":0},"b":{},"_coverageSchema":"1a1c01bbd47fc00a2c39e90264f33305004495a9","hash":"34e8d02784aec0d3e152b9d80a5c9f5a99caa585"}
,"/Users/pc/Documents/Proyectos REACT (2025)/project_zelda_btw/project-zelda-btw/src/components/atoms/Text/Paragraph.tsx": {"path":"/Users/pc/Documents/Proyectos REACT (2025)/project_zelda_btw/project-zelda-btw/src/components/atoms/Text/Paragraph.tsx","statementMap":{"0":{"start":{"line":25,"column":25},"end":{"line":47,"column":1}},"1":{"start":{"line":31,"column":2},"end":{"line":46,"column":4}},"2":{"start":{"line":34,"column":8},"end":{"line":43,"column":16}}},"fnMap":{"0":{"name":"(anonymous_0)","decl":{"start":{"line":25,"column":25},"end":{"line":25,"column":26}},"loc":{"start":{"line":30,"column":22},"end":{"line":47,"column":1}},"line":30},"1":{"name":"(anonymous_1)","decl":{"start":{"line":33,"column":36},"end":{"line":33,"column":37}},"loc":{"start":{"line":34,"column":8},"end":{"line":43,"column":16}},"line":34}},"branchMap":{"0":{"loc":{"start":{"line":27,"column":2},"end":{"line":27,"column":22}},"type":"default-arg","locations":[{"start":{"line":27,"column":10},"end":{"line":27,"column":22}}],"line":27},"1":{"loc":{"start":{"line":28,"column":2},"end":{"line":28,"column":15}},"type":"default-arg","locations":[{"start":{"line":28,"column":9},"end":{"line":28,"column":15}}],"line":28},"2":{"loc":{"start":{"line":34,"column":8},"end":{"line":43,"column":16}},"type":"cond-expr","locations":[{"start":{"line":35,"column":12},"end":{"line":42,"column":14}},{"start":{"line":43,"column":12},"end":{"line":43,"column":16}}],"line":34}},"s":{"0":1,"1":0,"2":0},"f":{"0":0,"1":0},"b":{"0":[0],"1":[0],"2":[0,0]},"_coverageSchema":"1a1c01bbd47fc00a2c39e90264f33305004495a9","hash":"a8597cb2cac929954663c58cea4f33ca25151f45"}
,"/Users/pc/Documents/Proyectos REACT (2025)/project_zelda_btw/project-zelda-btw/src/components/atoms/Text/SubTitle.tsx": {"path":"/Users/pc/Documents/Proyectos REACT (2025)/project_zelda_btw/project-zelda-btw/src/components/atoms/Text/SubTitle.tsx","statementMap":{"0":{"start":{"line":20,"column":24},"end":{"line":36,"column":1}},"1":{"start":{"line":26,"column":2},"end":{"line":35,"column":4}}},"fnMap":{"0":{"name":"(anonymous_0)","decl":{"start":{"line":20,"column":24},"end":{"line":20,"column":25}},"loc":{"start":{"line":25,"column":21},"end":{"line":36,"column":1}},"line":25}},"branchMap":{"0":{"loc":{"start":{"line":22,"column":2},"end":{"line":22,"column":19}},"type":"default-arg","locations":[{"start":{"line":22,"column":9},"end":{"line":22,"column":19}}],"line":22},"1":{"loc":{"start":{"line":31,"column":7},"end":{"line":33,"column":7}},"type":"binary-expr","locations":[{"start":{"line":31,"column":7},"end":{"line":31,"column":21}},{"start":{"line":32,"column":8},"end":{"line":32,"column":71}}],"line":31}},"s":{"0":1,"1":0},"f":{"0":0},"b":{"0":[0],"1":[0,0]},"_coverageSchema":"1a1c01bbd47fc00a2c39e90264f33305004495a9","hash":"e682ad0d191cd1b6034e7893b8f72c432dcad42e"}
,"/Users/pc/Documents/Proyectos REACT (2025)/project_zelda_btw/project-zelda-btw/src/components/atoms/Text/index.ts": {"path":"/Users/pc/Documents/Proyectos REACT (2025)/project_zelda_btw/project-zelda-btw/src/components/atoms/Text/index.ts","statementMap":{},"fnMap":{},"branchMap":{},"s":{},"f":{},"b":{},"_coverageSchema":"1a1c01bbd47fc00a2c39e90264f33305004495a9","hash":"272873d5cdd28e1fef8b45990d48b49ad4662bff"}
,"/Users/pc/Documents/Proyectos REACT (2025)/project_zelda_btw/project-zelda-btw/src/components/molecules/CardResource.tsx": {"path":"/Users/pc/Documents/Proyectos REACT (2025)/project_zelda_btw/project-zelda-btw/src/components/molecules/CardResource.tsx","statementMap":{"0":{"start":{"line":8,"column":28},"end":{"line":71,"column":1}},"1":{"start":{"line":15,"column":19},"end":{"line":15,"column":32}},"2":{"start":{"line":16,"column":27},"end":{"line":18,"column":3}},"3":{"start":{"line":17,"column":4},"end":{"line":17,"column":39}},"4":{"start":{"line":19,"column":19},"end":{"line":19,"column":65}},"5":{"start":{"line":20,"column":19},"end":{"line":20,"column":37}},"6":{"start":{"line":21,"column":2},"end":{"line":70,"column":4}}},"fnMap":{"0":{"name":"(anonymous_0)","decl":{"start":{"line":8,"column":28},"end":{"line":8,"column":29}},"loc":{"start":{"line":14,"column":6},"end":{"line":71,"column":1}},"line":14},"1":{"name":"(anonymous_1)","decl":{"start":{"line":16,"column":27},"end":{"line":16,"column":28}},"loc":{"start":{"line":16,"column":33},"end":{"line":18,"column":3}},"line":16}},"branchMap":{"0":{"loc":{"start":{"line":10,"column":2},"end":{"line":10,"column":16}},"type":"default-arg","locations":[{"start":{"line":10,"column":14},"end":{"line":10,"column":16}}],"line":10},"1":{"loc":{"start":{"line":20,"column":19},"end":{"line":20,"column":37}},"type":"cond-expr","locations":[{"start":{"line":20,"column":30},"end":{"line":20,"column":32}},{"start":{"line":20,"column":35},"end":{"line":20,"column":37}}],"line":20},"2":{"loc":{"start":{"line":25,"column":8},"end":{"line":27,"column":56}},"type":"cond-expr","locations":[{"start":{"line":26,"column":12},"end":{"line":26,"column":54}},{"start":{"line":27,"column":12},"end":{"line":27,"column":56}}],"line":25},"3":{"loc":{"start":{"line":56,"column":10},"end":{"line":56,"column":52}},"type":"cond-expr","locations":[{"start":{"line":56,"column":25},"end":{"line":56,"column":37}},{"start":{"line":56,"column":40},"end":{"line":56,"column":52}}],"line":56},"4":{"loc":{"start":{"line":59,"column":9},"end":{"line":61,"column":23}},"type":"cond-expr","locations":[{"start":{"line":60,"column":12},"end":{"line":60,"column":48}},{"start":{"line":61,"column":12},"end":{"line":61,"column":23}}],"line":59}},"s":{"0":1,"1":0,"2":0,"3":0,"4":0,"5":0,"6":0},"f":{"0":0,"1":0},"b":{"0":[0],"1":[0,0],"2":[0,0],"3":[0,0],"4":[0,0]},"_coverageSchema":"1a1c01bbd47fc00a2c39e90264f33305004495a9","hash":"e1508d2e1a7fa4d320fdb20809f2d143ee35f68a"}
,"/Users/pc/Documents/Proyectos REACT (2025)/project_zelda_btw/project-zelda-btw/src/components/molecules/CardSkeleton.tsx": {"path":"/Users/pc/Documents/Proyectos REACT (2025)/project_zelda_btw/project-zelda-btw/src/components/molecules/CardSkeleton.tsx","statementMap":{"0":{"start":{"line":4,"column":28},"end":{"line":13,"column":1}},"1":{"start":{"line":5,"column":2},"end":{"line":12,"column":4}}},"fnMap":{"0":{"name":"(anonymous_0)","decl":{"start":{"line":4,"column":28},"end":{"line":4,"column":29}},"loc":{"start":{"line":4,"column":70},"end":{"line":13,"column":1}},"line":4}},"branchMap":{},"s":{"0":1,"1":0},"f":{"0":0},"b":{},"_coverageSchema":"1a1c01bbd47fc00a2c39e90264f33305004495a9","hash":"e460be01ea69da6953cfdcc848fecb2ebd8445af"}
,"/Users/pc/Documents/Proyectos REACT (2025)/project_zelda_btw/project-zelda-btw/src/components/molecules/FooterZelda.tsx": {"path":"/Users/pc/Documents/Proyectos REACT (2025)/project_zelda_btw/project-zelda-btw/src/components/molecules/FooterZelda.tsx","statementMap":{"0":{"start":{"line":13,"column":27},"end":{"line":27,"column":1}},"1":{"start":{"line":14,"column":2},"end":{"line":26,"column":4}},"2":{"start":{"line":29,"column":15},"end":{"line":31,"column":1}},"3":{"start":{"line":30,"column":2},"end":{"line":30,"column":48}},"4":{"start":{"line":42,"column":19},"end":{"line":60,"column":1}},"5":{"start":{"line":46,"column":2},"end":{"line":59,"column":4}},"6":{"start":{"line":61,"column":15},"end":{"line":87,"column":1}},"7":{"start":{"line":62,"column":2},"end":{"line":86,"column":4}},"8":{"start":{"line":67,"column":10},"end":{"line":67,"column":68}},"9":{"start":{"line":82,"column":10},"end":{"line":82,"column":68}},"10":{"start":{"line":88,"column":0},"end":{"line":88,"column":28}},"11":{"start":{"line":90,"column":0},"end":{"line":90,"column":28}}},"fnMap":{"0":{"name":"(anonymous_0)","decl":{"start":{"line":13,"column":27},"end":{"line":13,"column":28}},"loc":{"start":{"line":13,"column":79},"end":{"line":27,"column":1}},"line":13},"1":{"name":"(anonymous_1)","decl":{"start":{"line":29,"column":15},"end":{"line":29,"column":16}},"loc":{"start":{"line":29,"column":51},"end":{"line":31,"column":1}},"line":29},"2":{"name":"(anonymous_2)","decl":{"start":{"line":42,"column":19},"end":{"line":42,"column":20}},"loc":{"start":{"line":45,"column":30},"end":{"line":60,"column":1}},"line":45},"3":{"name":"(anonymous_3)","decl":{"start":{"line":61,"column":15},"end":{"line":61,"column":16}},"loc":{"start":{"line":61,"column":53},"end":{"line":87,"column":1}},"line":61},"4":{"name":"(anonymous_4)","decl":{"start":{"line":66,"column":26},"end":{"line":66,"column":27}},"loc":{"start":{"line":66,"column":36},"end":{"line":68,"column":9}},"line":66},"5":{"name":"(anonymous_5)","decl":{"start":{"line":81,"column":27},"end":{"line":81,"column":28}},"loc":{"start":{"line":81,"column":37},"end":{"line":83,"column":9}},"line":81}},"branchMap":{"0":{"loc":{"start":{"line":43,"column":2},"end":{"line":43,"column":19}},"type":"default-arg","locations":[{"start":{"line":43,"column":14},"end":{"line":43,"column":19}}],"line":43},"1":{"loc":{"start":{"line":51,"column":28},"end":{"line":51,"column":70}},"type":"cond-expr","locations":[{"start":{"line":51,"column":40},"end":{"line":51,"column":57}},{"start":{"line":51,"column":60},"end":{"line":51,"column":70}}],"line":51}},"s":{"0":1,"1":0,"2":1,"3":0,"4":1,"5":0,"6":1,"7":0,"8":0,"9":0,"10":1,"11":1},"f":{"0":0,"1":0,"2":0,"3":0,"4":0,"5":0},"b":{"0":[0],"1":[0,0]},"_coverageSchema":"1a1c01bbd47fc00a2c39e90264f33305004495a9","hash":"8da118cad77ecc4579c40eabcc45e6dc9e9d215a"}
,"/Users/pc/Documents/Proyectos REACT (2025)/project_zelda_btw/project-zelda-btw/src/components/molecules/MainSection.tsx": {"path":"/Users/pc/Documents/Proyectos REACT (2025)/project_zelda_btw/project-zelda-btw/src/components/molecules/MainSection.tsx","statementMap":{"0":{"start":{"line":12,"column":20},"end":{"line":14,"column":1}},"1":{"start":{"line":13,"column":2},"end":{"line":13,"column":64}},"2":{"start":{"line":15,"column":0},"end":{"line":15,"column":2}},"3":{"start":{"line":17,"column":13},"end":{"line":19,"column":1}},"4":{"start":{"line":18,"column":2},"end":{"line":18,"column":44}},"5":{"start":{"line":20,"column":14},"end":{"line":22,"column":1}},"6":{"start":{"line":21,"column":2},"end":{"line":21,"column":42}},"7":{"start":{"line":23,"column":18},"end":{"line":25,"column":1}},"8":{"start":{"line":24,"column":2},"end":{"line":24,"column":52}},"9":{"start":{"line":26,"column":0},"end":{"line":26,"column":24}},"10":{"start":{"line":27,"column":0},"end":{"line":27,"column":26}},"11":{"start":{"line":28,"column":0},"end":{"line":28,"column":34}}},"fnMap":{"0":{"name":"(anonymous_0)","decl":{"start":{"line":12,"column":20},"end":{"line":12,"column":21}},"loc":{"start":{"line":12,"column":69},"end":{"line":14,"column":1}},"line":12},"1":{"name":"(anonymous_1)","decl":{"start":{"line":17,"column":13},"end":{"line":17,"column":14}},"loc":{"start":{"line":17,"column":47},"end":{"line":19,"column":1}},"line":17},"2":{"name":"(anonymous_2)","decl":{"start":{"line":20,"column":14},"end":{"line":20,"column":15}},"loc":{"start":{"line":20,"column":47},"end":{"line":22,"column":1}},"line":20},"3":{"name":"(anonymous_3)","decl":{"start":{"line":23,"column":18},"end":{"line":23,"column":19}},"loc":{"start":{"line":23,"column":56},"end":{"line":25,"column":1}},"line":23}},"branchMap":{},"s":{"0":1,"1":0,"2":1,"3":1,"4":0,"5":1,"6":0,"7":1,"8":0,"9":1,"10":1,"11":1},"f":{"0":0,"1":0,"2":0,"3":0},"b":{},"_coverageSchema":"1a1c01bbd47fc00a2c39e90264f33305004495a9","hash":"e1692c445b26829025ae773fdbaae6784c771c9c"}
,"/Users/pc/Documents/Proyectos REACT (2025)/project_zelda_btw/project-zelda-btw/src/components/molecules/UnderlinedTitle.tsx": {"path":"/Users/pc/Documents/Proyectos REACT (2025)/project_zelda_btw/project-zelda-btw/src/components/molecules/UnderlinedTitle.tsx","statementMap":{"0":{"start":{"line":13,"column":24},"end":{"line":21,"column":1}},"1":{"start":{"line":14,"column":2},"end":{"line":20,"column":4}},"2":{"start":{"line":22,"column":14},"end":{"line":24,"column":1}},"3":{"start":{"line":23,"column":2},"end":{"line":23,"column":42}},"4":{"start":{"line":25,"column":18},"end":{"line":27,"column":1}},"5":{"start":{"line":26,"column":2},"end":{"line":26,"column":52}},"6":{"start":{"line":28,"column":0},"end":{"line":28,"column":30}},"7":{"start":{"line":29,"column":0},"end":{"line":29,"column":38}}},"fnMap":{"0":{"name":"(anonymous_0)","decl":{"start":{"line":13,"column":24},"end":{"line":13,"column":25}},"loc":{"start":{"line":13,"column":75},"end":{"line":21,"column":1}},"line":13},"1":{"name":"(anonymous_1)","decl":{"start":{"line":22,"column":14},"end":{"line":22,"column":15}},"loc":{"start":{"line":22,"column":47},"end":{"line":24,"column":1}},"line":22},"2":{"name":"(anonymous_2)","decl":{"start":{"line":25,"column":18},"end":{"line":25,"column":19}},"loc":{"start":{"line":25,"column":56},"end":{"line":27,"column":1}},"line":25}},"branchMap":{},"s":{"0":1,"1":0,"2":1,"3":0,"4":1,"5":0,"6":1,"7":1},"f":{"0":0,"1":0,"2":0},"b":{},"_coverageSchema":"1a1c01bbd47fc00a2c39e90264f33305004495a9","hash":"d8dab7cfcd99d32121896e03ec2d112615da06c8"}
,"/Users/pc/Documents/Proyectos REACT (2025)/project_zelda_btw/project-zelda-btw/src/components/molecules/index.ts": {"path":"/Users/pc/Documents/Proyectos REACT (2025)/project_zelda_btw/project-zelda-btw/src/components/molecules/index.ts","statementMap":{},"fnMap":{},"branchMap":{},"s":{},"f":{},"b":{},"_coverageSchema":"1a1c01bbd47fc00a2c39e90264f33305004495a9","hash":"88c991720df227898a0c263714caf748c5ef8ba9"}
}
