TN:
SF:src/components/index.ts
FNF:0
FNH:0
LF:0
LH:0
BRF:0
BRH:0
end_of_record
TN:
SF:src/components/atoms/index.ts
FNF:0
FNH:0
LF:0
LH:0
BRF:0
BRH:0
end_of_record
TN:
SF:src/components/atoms/Button/BasicButton.tsx
FN:31,(anonymous_0)
FNF:1
FNH:1
FNDA:7,(anonymous_0)
DA:31,15
DA:39,7
LF:2
LH:2
BRDA:33,0,0,7
BRDA:45,1,0,7
BRDA:45,1,1,4
BRDA:46,2,0,7
BRDA:46,2,1,5
BRF:5
BRH:5
end_of_record
TN:
SF:src/components/atoms/Button/ButtonGroup.tsx
FN:16,(anonymous_0)
FN:22,(anonymous_1)
FN:31,(anonymous_2)
FN:46,(anonymous_3)
FNF:4
FNH:4
FNDA:4,(anonymous_0)
FNDA:1,(anonymous_1)
FNDA:8,(anonymous_2)
FNDA:1,(anonymous_3)
DA:16,14
DA:22,4
DA:23,1
DA:25,4
DA:26,4
DA:32,8
DA:46,1
LF:7
LH:7
BRDA:20,0,0,4
BRDA:38,1,0,1
BRDA:38,1,1,7
BRDA:41,2,0,4
BRDA:41,2,1,4
BRDA:42,3,0,4
BRDA:42,3,1,4
BRDA:43,4,0,8
BRDA:43,4,1,4
BRDA:44,5,0,8
BRDA:44,5,1,0
BRDA:49,6,0,8
BRDA:49,6,1,4
BRF:13
BRH:12
end_of_record
TN:
SF:src/components/atoms/Button/Pagination.tsx
FN:14,(anonymous_0)
FN:38,(anonymous_1)
FN:41,(anonymous_2)
FNF:3
FNH:3
FNDA:7,(anonymous_0)
FNDA:35,(anonymous_1)
FNDA:1,(anonymous_2)
DA:14,14
DA:21,7
DA:39,35
DA:41,1
LF:4
LH:4
BRDA:27,0,0,1
BRDA:27,0,1,6
BRDA:34,1,0,1
BRDA:34,1,1,6
BRDA:44,2,0,7
BRDA:44,2,1,28
BRDA:56,3,0,1
BRDA:56,3,1,6
BRDA:63,4,0,1
BRDA:63,4,1,6
BRF:10
BRH:10
end_of_record
TN:
SF:src/components/atoms/Button/index.ts
FNF:0
FNH:0
LF:0
LH:0
BRF:0
BRH:0
end_of_record
TN:
SF:src/components/atoms/Image/BordeLogo.tsx
FN:13,(anonymous_0)
FNF:1
FNH:1
FNDA:5,(anonymous_0)
DA:13,14
DA:14,5
LF:2
LH:2
BRDA:13,0,0,4
BRF:1
BRH:1
end_of_record
TN:
SF:src/components/atoms/Image/MainBackground.tsx
FN:21,(anonymous_0)
FN:27,(anonymous_1)
FN:39,(anonymous_2)
FNF:3
FNH:3
FNDA:8,(anonymous_0)
FNDA:8,(anonymous_1)
FNDA:8,(anonymous_2)
DA:21,14
DA:27,8
DA:28,8
DA:30,0
DA:32,1
DA:34,0
DA:36,7
DA:39,8
DA:40,8
DA:42,5
DA:44,2
DA:46,1
DA:50,8
LF:13
LH:11
BRDA:22,0,0,5
BRDA:24,1,0,7
BRDA:25,2,0,7
BRDA:28,3,0,0
BRDA:28,3,1,1
BRDA:28,3,2,0
BRDA:28,3,3,7
BRDA:40,4,0,5
BRDA:40,4,1,2
BRDA:40,4,2,1
BRF:10
BRH:8
end_of_record
TN:
SF:src/components/atoms/Image/index.ts
FNF:0
FNH:0
LF:0
LH:0
BRF:0
BRH:0
end_of_record
TN:
SF:src/components/atoms/Loading/Skeleton.tsx
FN:6,(anonymous_0)
FNF:1
FNH:1
FNDA:10,(anonymous_0)
DA:6,14
DA:7,10
DA:9,10
DA:10,5
DA:18,5
LF:5
LH:5
BRDA:9,0,0,5
BRDA:9,0,1,5
BRF:2
BRH:2
end_of_record
TN:
SF:src/components/atoms/Loading/index.ts
FNF:0
FNH:0
LF:0
LH:0
BRF:0
BRH:0
end_of_record
TN:
SF:src/components/atoms/Separator/SeparatorLine.tsx
FN:11,(anonymous_0)
FN:16,(anonymous_1)
FNF:2
FNH:2
FNDA:8,(anonymous_0)
FNDA:8,(anonymous_1)
DA:11,14
DA:16,8
DA:17,8
DA:19,6
DA:21,2
DA:23,0
DA:26,8
LF:7
LH:6
BRDA:12,0,0,4
BRDA:13,1,0,4
BRDA:17,2,0,6
BRDA:17,2,1,2
BRDA:17,2,2,0
BRF:5
BRH:4
end_of_record
TN:
SF:src/components/atoms/Separator/index.ts
FNF:0
FNH:0
LF:0
LH:0
BRF:0
BRH:0
end_of_record
TN:
SF:src/components/atoms/Text/NotFound.tsx
FN:7,(anonymous_0)
FNF:1
FNH:1
FNDA:3,(anonymous_0)
DA:7,14
DA:8,3
LF:2
LH:2
BRF:0
BRH:0
end_of_record
TN:
SF:src/components/atoms/Text/Paragraph.tsx
FN:25,(anonymous_0)
FN:33,(anonymous_1)
FNF:2
FNH:2
FNDA:3,(anonymous_0)
FNDA:3,(anonymous_1)
DA:25,14
DA:31,3
DA:34,3
LF:3
LH:3
BRDA:27,0,0,3
BRDA:28,1,0,3
BRDA:34,2,0,3
BRDA:34,2,1,0
BRF:4
BRH:3
end_of_record
TN:
SF:src/components/atoms/Text/SubTitle.tsx
FN:20,(anonymous_0)
FNF:1
FNH:1
FNDA:8,(anonymous_0)
DA:20,14
DA:26,8
LF:2
LH:2
BRDA:22,0,0,5
BRDA:31,1,0,8
BRDA:31,1,1,4
BRF:3
BRH:3
end_of_record
TN:
SF:src/components/atoms/Text/index.ts
FNF:0
FNH:0
LF:0
LH:0
BRF:0
BRH:0
end_of_record
TN:
SF:src/components/molecules/CardResource.tsx
FN:8,(anonymous_0)
FN:16,(anonymous_1)
FNF:2
FNH:2
FNDA:2,(anonymous_0)
FNDA:1,(anonymous_1)
DA:8,12
DA:15,2
DA:16,2
DA:17,1
DA:19,2
DA:20,2
DA:21,2
LF:7
LH:7
BRDA:10,0,0,2
BRDA:20,1,0,0
BRDA:20,1,1,2
BRDA:25,2,0,0
BRDA:25,2,1,2
BRDA:56,3,0,0
BRDA:56,3,1,2
BRDA:59,4,0,2
BRDA:59,4,1,0
BRF:9
BRH:5
end_of_record
TN:
SF:src/components/molecules/CardSkeleton.tsx
FN:4,(anonymous_0)
FNF:1
FNH:1
FNDA:2,(anonymous_0)
DA:4,12
DA:5,2
LF:2
LH:2
BRF:0
BRH:0
end_of_record
TN:
SF:src/components/molecules/FooterZelda.tsx
FN:13,(anonymous_0)
FN:29,(anonymous_1)
FN:42,(anonymous_2)
FN:61,(anonymous_3)
FN:66,(anonymous_4)
FN:81,(anonymous_5)
FNF:6
FNH:6
FNDA:3,(anonymous_0)
FNDA:1,(anonymous_1)
FNDA:3,(anonymous_2)
FNDA:1,(anonymous_3)
FNDA:2,(anonymous_4)
FNDA:1,(anonymous_5)
DA:13,12
DA:14,3
DA:29,12
DA:30,1
DA:42,12
DA:46,3
DA:61,12
DA:62,1
DA:67,2
DA:82,1
DA:88,12
DA:90,12
LF:12
LH:12
BRDA:43,0,0,2
BRDA:51,1,0,1
BRDA:51,1,1,2
BRF:3
BRH:3
end_of_record
TN:
SF:src/components/molecules/MainSection.tsx
FN:12,(anonymous_0)
FN:17,(anonymous_1)
FN:20,(anonymous_2)
FN:23,(anonymous_3)
FNF:4
FNH:4
FNDA:2,(anonymous_0)
FNDA:1,(anonymous_1)
FNDA:1,(anonymous_2)
FNDA:1,(anonymous_3)
DA:12,13
DA:13,2
DA:15,13
DA:17,13
DA:18,1
DA:20,13
DA:21,1
DA:23,13
DA:24,1
DA:26,13
DA:27,13
DA:28,13
LF:12
LH:12
BRF:0
BRH:0
end_of_record
TN:
SF:src/components/molecules/UnderlinedTitle.tsx
FN:13,(anonymous_0)
FN:22,(anonymous_1)
FN:25,(anonymous_2)
FNF:3
FNH:3
FNDA:5,(anonymous_0)
FNDA:3,(anonymous_1)
FNDA:3,(anonymous_2)
DA:13,13
DA:14,5
DA:22,13
DA:23,3
DA:25,13
DA:26,3
DA:28,13
DA:29,13
LF:8
LH:8
BRF:0
BRH:0
end_of_record
TN:
SF:src/components/molecules/index.ts
FNF:0
FNH:0
LF:0
LH:0
BRF:0
BRH:0
end_of_record
